2024-07-20 16:39:09 INFO  o.h.jpa.internal.util.LogHelper - HHH000204: Processing PersistenceUnitInfo [name: TypesPU]
2024-07-20 16:39:09 INFO  org.hibernate.Version - HHH000412: Hibernate ORM core version 6.5.2.Final
2024-07-20 16:39:10 INFO  o.h.c.i.RegionFactoryInitiator - HHH000026: Second-level cache disabled
2024-07-20 16:39:10 WARN  o.hibernate.orm.connections.pooling - HHH10001002: Using built-in connection pool (not intended for production use)
2024-07-20 16:39:10 INFO  o.hibernate.orm.connections.pooling - HHH10001005: Loaded JDBC driver class: com.microsoft.sqlserver.jdbc.SQLServerDriver
2024-07-20 16:39:10 INFO  o.hibernate.orm.connections.pooling - HHH10001012: Connecting with JDBC URL [jdbc:sqlserver://localhost:1433;DatabaseName=ClothesShop]
2024-07-20 16:39:10 INFO  o.hibernate.orm.connections.pooling - HHH10001001: Connection properties: {password=****, user=sa}
2024-07-20 16:39:10 INFO  o.hibernate.orm.connections.pooling - HHH10001003: Autocommit mode: false
2024-07-20 16:39:10 INFO  o.hibernate.orm.connections.pooling - HHH10001115: Connection pool size: 20 (min=1)
2024-07-20 16:39:10 WARN  org.hibernate.orm.deprecation - HHH90000025: SQLServerDialect does not need to be specified explicitly using 'hibernate.dialect' (remove the property setting and it will be selected by default)
2024-07-20 16:39:11 INFO  o.h.e.t.j.p.i.JtaPlatformInitiator - HHH000489: No JTA platform available (set 'hibernate.transaction.jta.platform' to enable JTA platform integration)
2024-07-20 16:39:11 INFO  o.hibernate.orm.connections.access - HHH10001501: Connection obtained from JdbcConnectionAccess [org.hibernate.engine.jdbc.env.internal.JdbcEnvironmentInitiator$ConnectionProviderJdbcConnectionAccess@6704df84] for (non-JTA) DDL execution was not in auto-commit mode; the Connection 'local transaction' will be committed and the Connection will be set into auto-commit mode.
2024-07-20 16:39:11 INFO  o.hibernate.orm.connections.pooling - HHH10001008: Cleaning up connection pool [jdbc:sqlserver://localhost:1433;DatabaseName=ClothesShop]
2024-07-20 16:42:14 INFO  o.h.jpa.internal.util.LogHelper - HHH000204: Processing PersistenceUnitInfo [name: TypesPU]
2024-07-20 16:42:15 INFO  org.hibernate.Version - HHH000412: Hibernate ORM core version 6.5.2.Final
2024-07-20 16:42:15 INFO  o.h.c.i.RegionFactoryInitiator - HHH000026: Second-level cache disabled
2024-07-20 16:42:15 WARN  o.hibernate.orm.connections.pooling - HHH10001002: Using built-in connection pool (not intended for production use)
2024-07-20 16:42:15 INFO  o.hibernate.orm.connections.pooling - HHH10001005: Loaded JDBC driver class: com.microsoft.sqlserver.jdbc.SQLServerDriver
2024-07-20 16:42:15 INFO  o.hibernate.orm.connections.pooling - HHH10001012: Connecting with JDBC URL [jdbc:sqlserver://localhost:1433;DatabaseName=ClothesShop]
2024-07-20 16:42:15 INFO  o.hibernate.orm.connections.pooling - HHH10001001: Connection properties: {password=****, user=sa}
2024-07-20 16:42:15 INFO  o.hibernate.orm.connections.pooling - HHH10001003: Autocommit mode: false
2024-07-20 16:42:15 INFO  o.hibernate.orm.connections.pooling - HHH10001115: Connection pool size: 20 (min=1)
2024-07-20 16:42:15 WARN  org.hibernate.orm.deprecation - HHH90000025: SQLServerDialect does not need to be specified explicitly using 'hibernate.dialect' (remove the property setting and it will be selected by default)
2024-07-20 16:42:16 INFO  o.h.e.t.j.p.i.JtaPlatformInitiator - HHH000489: No JTA platform available (set 'hibernate.transaction.jta.platform' to enable JTA platform integration)
2024-07-20 16:42:16 INFO  o.hibernate.orm.connections.access - HHH10001501: Connection obtained from JdbcConnectionAccess [org.hibernate.engine.jdbc.env.internal.JdbcEnvironmentInitiator$ConnectionProviderJdbcConnectionAccess@15994b0b] for (non-JTA) DDL execution was not in auto-commit mode; the Connection 'local transaction' will be committed and the Connection will be set into auto-commit mode.
2024-07-20 16:42:16 INFO  o.hibernate.orm.connections.pooling - HHH10001008: Cleaning up connection pool [jdbc:sqlserver://localhost:1433;DatabaseName=ClothesShop]
2024-07-20 16:42:36 INFO  o.h.jpa.internal.util.LogHelper - HHH000204: Processing PersistenceUnitInfo [name: TypesPU]
2024-07-20 16:42:36 INFO  org.hibernate.Version - HHH000412: Hibernate ORM core version 6.5.2.Final
2024-07-20 16:42:36 INFO  o.h.c.i.RegionFactoryInitiator - HHH000026: Second-level cache disabled
2024-07-20 16:42:36 WARN  o.hibernate.orm.connections.pooling - HHH10001002: Using built-in connection pool (not intended for production use)
2024-07-20 16:42:36 INFO  o.hibernate.orm.connections.pooling - HHH10001005: Loaded JDBC driver class: com.microsoft.sqlserver.jdbc.SQLServerDriver
2024-07-20 16:42:36 INFO  o.hibernate.orm.connections.pooling - HHH10001012: Connecting with JDBC URL [jdbc:sqlserver://localhost:1433;DatabaseName=ClothesShop]
2024-07-20 16:42:36 INFO  o.hibernate.orm.connections.pooling - HHH10001001: Connection properties: {password=****, user=sa}
2024-07-20 16:42:36 INFO  o.hibernate.orm.connections.pooling - HHH10001003: Autocommit mode: false
2024-07-20 16:42:36 INFO  o.hibernate.orm.connections.pooling - HHH10001115: Connection pool size: 20 (min=1)
2024-07-20 16:42:36 WARN  org.hibernate.orm.deprecation - HHH90000025: SQLServerDialect does not need to be specified explicitly using 'hibernate.dialect' (remove the property setting and it will be selected by default)
2024-07-20 16:42:37 INFO  o.h.e.t.j.p.i.JtaPlatformInitiator - HHH000489: No JTA platform available (set 'hibernate.transaction.jta.platform' to enable JTA platform integration)
2024-07-20 16:42:37 INFO  o.hibernate.orm.connections.access - HHH10001501: Connection obtained from JdbcConnectionAccess [org.hibernate.engine.jdbc.env.internal.JdbcEnvironmentInitiator$ConnectionProviderJdbcConnectionAccess@12cd129c] for (non-JTA) DDL execution was not in auto-commit mode; the Connection 'local transaction' will be committed and the Connection will be set into auto-commit mode.
2024-07-20 16:42:37 INFO  o.hibernate.orm.connections.pooling - HHH10001008: Cleaning up connection pool [jdbc:sqlserver://localhost:1433;DatabaseName=ClothesShop]
2024-07-20 17:12:40 INFO  o.h.jpa.internal.util.LogHelper - HHH000204: Processing PersistenceUnitInfo [name: ClothesShop]
2024-07-20 17:12:40 INFO  org.hibernate.Version - HHH000412: Hibernate ORM core version 6.5.2.Final
2024-07-20 17:12:40 INFO  o.h.c.i.RegionFactoryInitiator - HHH000026: Second-level cache disabled
2024-07-20 17:12:40 WARN  o.hibernate.orm.connections.pooling - HHH10001002: Using built-in connection pool (not intended for production use)
2024-07-20 17:12:40 INFO  o.hibernate.orm.connections.pooling - HHH10001005: Loaded JDBC driver class: com.microsoft.sqlserver.jdbc.SQLServerDriver
2024-07-20 17:12:40 INFO  o.hibernate.orm.connections.pooling - HHH10001012: Connecting with JDBC URL [jdbc:sqlserver://localhost:1433;DatabaseName=ClothesShop]
2024-07-20 17:12:40 INFO  o.hibernate.orm.connections.pooling - HHH10001001: Connection properties: {password=****, user=sa}
2024-07-20 17:12:40 INFO  o.hibernate.orm.connections.pooling - HHH10001003: Autocommit mode: false
2024-07-20 17:12:40 INFO  o.hibernate.orm.connections.pooling - HHH10001115: Connection pool size: 20 (min=1)
2024-07-20 17:12:41 WARN  org.hibernate.orm.deprecation - HHH90000025: SQLServerDialect does not need to be specified explicitly using 'hibernate.dialect' (remove the property setting and it will be selected by default)
2024-07-20 17:12:41 INFO  o.h.e.t.j.p.i.JtaPlatformInitiator - HHH000489: No JTA platform available (set 'hibernate.transaction.jta.platform' to enable JTA platform integration)
2024-07-20 17:12:41 INFO  o.hibernate.orm.connections.access - HHH10001501: Connection obtained from JdbcConnectionAccess [org.hibernate.engine.jdbc.env.internal.JdbcEnvironmentInitiator$ConnectionProviderJdbcConnectionAccess@1d1bf7bf] for (non-JTA) DDL execution was not in auto-commit mode; the Connection 'local transaction' will be committed and the Connection will be set into auto-commit mode.
2024-07-20 17:12:42 INFO  o.hibernate.orm.connections.pooling - HHH10001008: Cleaning up connection pool [jdbc:sqlserver://localhost:1433;DatabaseName=ClothesShop]
2024-07-20 17:13:47 INFO  o.h.jpa.internal.util.LogHelper - HHH000204: Processing PersistenceUnitInfo [name: ClothesShop]
2024-07-20 17:13:47 INFO  org.hibernate.Version - HHH000412: Hibernate ORM core version 6.5.2.Final
2024-07-20 17:13:47 INFO  o.h.c.i.RegionFactoryInitiator - HHH000026: Second-level cache disabled
2024-07-20 17:13:47 WARN  o.hibernate.orm.connections.pooling - HHH10001002: Using built-in connection pool (not intended for production use)
2024-07-20 17:13:47 INFO  o.hibernate.orm.connections.pooling - HHH10001005: Loaded JDBC driver class: com.microsoft.sqlserver.jdbc.SQLServerDriver
2024-07-20 17:13:47 INFO  o.hibernate.orm.connections.pooling - HHH10001012: Connecting with JDBC URL [jdbc:sqlserver://localhost:1433;DatabaseName=ClothesShop]
2024-07-20 17:13:47 INFO  o.hibernate.orm.connections.pooling - HHH10001001: Connection properties: {password=****, user=sa}
2024-07-20 17:13:47 INFO  o.hibernate.orm.connections.pooling - HHH10001003: Autocommit mode: false
2024-07-20 17:13:47 INFO  o.hibernate.orm.connections.pooling - HHH10001115: Connection pool size: 20 (min=1)
2024-07-20 17:13:47 WARN  org.hibernate.orm.deprecation - HHH90000025: SQLServerDialect does not need to be specified explicitly using 'hibernate.dialect' (remove the property setting and it will be selected by default)
2024-07-20 17:13:48 INFO  o.h.e.t.j.p.i.JtaPlatformInitiator - HHH000489: No JTA platform available (set 'hibernate.transaction.jta.platform' to enable JTA platform integration)
2024-07-20 17:13:48 INFO  o.hibernate.orm.connections.access - HHH10001501: Connection obtained from JdbcConnectionAccess [org.hibernate.engine.jdbc.env.internal.JdbcEnvironmentInitiator$ConnectionProviderJdbcConnectionAccess@1182413a] for (non-JTA) DDL execution was not in auto-commit mode; the Connection 'local transaction' will be committed and the Connection will be set into auto-commit mode.
2024-07-20 17:13:48 INFO  o.hibernate.orm.connections.pooling - HHH10001008: Cleaning up connection pool [jdbc:sqlserver://localhost:1433;DatabaseName=ClothesShop]
2024-07-20 17:14:53 INFO  o.h.jpa.internal.util.LogHelper - HHH000204: Processing PersistenceUnitInfo [name: ClothesShop]
2024-07-20 17:14:53 INFO  org.hibernate.Version - HHH000412: Hibernate ORM core version 6.5.2.Final
2024-07-20 17:14:53 INFO  o.h.c.i.RegionFactoryInitiator - HHH000026: Second-level cache disabled
2024-07-20 17:14:54 WARN  o.hibernate.orm.connections.pooling - HHH10001002: Using built-in connection pool (not intended for production use)
2024-07-20 17:14:54 INFO  o.hibernate.orm.connections.pooling - HHH10001005: Loaded JDBC driver class: com.microsoft.sqlserver.jdbc.SQLServerDriver
2024-07-20 17:14:54 INFO  o.hibernate.orm.connections.pooling - HHH10001012: Connecting with JDBC URL [jdbc:sqlserver://localhost:1433;DatabaseName=ClothesShop]
2024-07-20 17:14:54 INFO  o.hibernate.orm.connections.pooling - HHH10001001: Connection properties: {password=****, user=sa}
2024-07-20 17:14:54 INFO  o.hibernate.orm.connections.pooling - HHH10001003: Autocommit mode: false
2024-07-20 17:14:54 INFO  o.hibernate.orm.connections.pooling - HHH10001115: Connection pool size: 20 (min=1)
2024-07-20 17:14:54 WARN  org.hibernate.orm.deprecation - HHH90000025: SQLServerDialect does not need to be specified explicitly using 'hibernate.dialect' (remove the property setting and it will be selected by default)
2024-07-20 17:14:55 INFO  o.h.e.t.j.p.i.JtaPlatformInitiator - HHH000489: No JTA platform available (set 'hibernate.transaction.jta.platform' to enable JTA platform integration)
2024-07-20 17:14:55 INFO  o.hibernate.orm.connections.access - HHH10001501: Connection obtained from JdbcConnectionAccess [org.hibernate.engine.jdbc.env.internal.JdbcEnvironmentInitiator$ConnectionProviderJdbcConnectionAccess@5b14f482] for (non-JTA) DDL execution was not in auto-commit mode; the Connection 'local transaction' will be committed and the Connection will be set into auto-commit mode.
2024-07-20 17:14:55 INFO  o.hibernate.orm.connections.pooling - HHH10001008: Cleaning up connection pool [jdbc:sqlserver://localhost:1433;DatabaseName=ClothesShop]
