05-Jul-2024 04:22:52.997 INFO [main] org.apache.catalina.startup.VersionLoggerListener.log Server version name:   Apache Tomcat/8.5.100
05-Jul-2024 04:22:52.998 INFO [main] org.apache.catalina.startup.VersionLoggerListener.log Server built:          Mar 19 2024 13:54:42 UTC
05-Jul-2024 04:22:52.999 INFO [main] org.apache.catalina.startup.VersionLoggerListener.log Server version number: 8.5.100.0
05-Jul-2024 04:22:52.999 INFO [main] org.apache.catalina.startup.VersionLoggerListener.log OS Name:               Linux
05-Jul-2024 04:22:52.999 INFO [main] org.apache.catalina.startup.VersionLoggerListener.log OS Version:            6.9.7-arch1-1
05-Jul-2024 04:22:52.999 INFO [main] org.apache.catalina.startup.VersionLoggerListener.log Architecture:          amd64
05-Jul-2024 04:22:52.999 INFO [main] org.apache.catalina.startup.VersionLoggerListener.log Java Home:             /opt/java/openjdk/jre
05-Jul-2024 04:22:52.999 INFO [main] org.apache.catalina.startup.VersionLoggerListener.log JVM Version:           1.8.0_402-b06
05-Jul-2024 04:22:52.999 INFO [main] org.apache.catalina.startup.VersionLoggerListener.log JVM Vendor:            Temurin
05-Jul-2024 04:22:52.999 INFO [main] org.apache.catalina.startup.VersionLoggerListener.log CATALINA_BASE:         /usr/local/tomcat
05-Jul-2024 04:22:52.999 INFO [main] org.apache.catalina.startup.VersionLoggerListener.log CATALINA_HOME:         /usr/local/tomcat
05-Jul-2024 04:22:52.999 INFO [main] org.apache.catalina.startup.VersionLoggerListener.log Command line argument: -Djava.util.logging.config.file=/usr/local/tomcat/conf/logging.properties
05-Jul-2024 04:22:52.999 INFO [main] org.apache.catalina.startup.VersionLoggerListener.log Command line argument: -Djava.util.logging.manager=org.apache.juli.ClassLoaderLogManager
05-Jul-2024 04:22:52.999 INFO [main] org.apache.catalina.startup.VersionLoggerListener.log Command line argument: -Xms512m
05-Jul-2024 04:22:53.000 INFO [main] org.apache.catalina.startup.VersionLoggerListener.log Command line argument: -Xmx1024m
05-Jul-2024 04:22:53.000 INFO [main] org.apache.catalina.startup.VersionLoggerListener.log Command line argument: -Djdk.tls.ephemeralDHKeySize=2048
05-Jul-2024 04:22:53.000 INFO [main] org.apache.catalina.startup.VersionLoggerListener.log Command line argument: -Djava.protocol.handler.pkgs=org.apache.catalina.webresources
05-Jul-2024 04:22:53.000 INFO [main] org.apache.catalina.startup.VersionLoggerListener.log Command line argument: -Dorg.apache.catalina.security.SecurityListener.UMASK=0027
05-Jul-2024 04:22:53.000 INFO [main] org.apache.catalina.startup.VersionLoggerListener.log Command line argument: -Dignore.endorsed.dirs=
05-Jul-2024 04:22:53.000 INFO [main] org.apache.catalina.startup.VersionLoggerListener.log Command line argument: -Dcatalina.base=/usr/local/tomcat
05-Jul-2024 04:22:53.000 INFO [main] org.apache.catalina.startup.VersionLoggerListener.log Command line argument: -Dcatalina.home=/usr/local/tomcat
05-Jul-2024 04:22:53.000 INFO [main] org.apache.catalina.startup.VersionLoggerListener.log Command line argument: -Djava.io.tmpdir=/usr/local/tomcat/temp
05-Jul-2024 04:22:53.000 INFO [main] org.apache.catalina.core.AprLifecycleListener.lifecycleEvent Loaded Apache Tomcat Native library [1.2.39] using APR version [1.7.0].
05-Jul-2024 04:22:53.000 INFO [main] org.apache.catalina.core.AprLifecycleListener.lifecycleEvent APR capabilities: IPv6 [true], sendfile [true], accept filters [false], random [true], UDS [{4}].
05-Jul-2024 04:22:53.000 INFO [main] org.apache.catalina.core.AprLifecycleListener.lifecycleEvent APR/OpenSSL configuration: useAprConnector [false], useOpenSSL [true]
05-Jul-2024 04:22:53.003 INFO [main] org.apache.catalina.core.AprLifecycleListener.initializeSSL OpenSSL successfully initialized [OpenSSL 3.0.2 15 Mar 2022]
05-Jul-2024 04:22:53.060 INFO [main] org.apache.coyote.AbstractProtocol.init Initializing ProtocolHandler ["http-nio-8080"]
05-Jul-2024 04:22:53.071 INFO [main] org.apache.catalina.startup.Catalina.load Initialization processed in 341 ms
05-Jul-2024 04:22:53.090 INFO [main] org.apache.catalina.core.StandardService.startInternal Starting service [Catalina]
05-Jul-2024 04:22:53.090 INFO [main] org.apache.catalina.core.StandardEngine.startInternal Starting Servlet engine: [Apache Tomcat/8.5.100]
05-Jul-2024 04:22:53.097 INFO [main] org.apache.coyote.AbstractProtocol.start Starting ProtocolHandler ["http-nio-8080"]
05-Jul-2024 04:22:53.106 INFO [main] org.apache.catalina.startup.Catalina.start Server startup in 35 ms
05-Jul-2024 04:24:12.338 INFO [Thread-2] org.apache.coyote.AbstractProtocol.pause Pausing ProtocolHandler ["http-nio-8080"]
05-Jul-2024 04:24:12.344 INFO [Thread-2] org.apache.catalina.core.StandardService.stopInternal Stopping service [Catalina]
05-Jul-2024 04:24:12.346 INFO [Thread-2] org.apache.coyote.AbstractProtocol.stop Stopping ProtocolHandler ["http-nio-8080"]
05-Jul-2024 04:24:12.353 INFO [Thread-2] org.apache.coyote.AbstractProtocol.destroy Destroying ProtocolHandler ["http-nio-8080"]
05-Jul-2024 04:24:13.105 INFO [main] org.apache.catalina.startup.VersionLoggerListener.log Server version name:   Apache Tomcat/8.5.100
05-Jul-2024 04:24:13.108 INFO [main] org.apache.catalina.startup.VersionLoggerListener.log Server built:          Mar 19 2024 13:54:42 UTC
05-Jul-2024 04:24:13.108 INFO [main] org.apache.catalina.startup.VersionLoggerListener.log Server version number: 8.5.100.0
05-Jul-2024 04:24:13.108 INFO [main] org.apache.catalina.startup.VersionLoggerListener.log OS Name:               Linux
05-Jul-2024 04:24:13.108 INFO [main] org.apache.catalina.startup.VersionLoggerListener.log OS Version:            6.9.7-arch1-1
05-Jul-2024 04:24:13.108 INFO [main] org.apache.catalina.startup.VersionLoggerListener.log Architecture:          amd64
05-Jul-2024 04:24:13.108 INFO [main] org.apache.catalina.startup.VersionLoggerListener.log Java Home:             /opt/java/openjdk/jre
05-Jul-2024 04:24:13.108 INFO [main] org.apache.catalina.startup.VersionLoggerListener.log JVM Version:           1.8.0_402-b06
05-Jul-2024 04:24:13.108 INFO [main] org.apache.catalina.startup.VersionLoggerListener.log JVM Vendor:            Temurin
05-Jul-2024 04:24:13.109 INFO [main] org.apache.catalina.startup.VersionLoggerListener.log CATALINA_BASE:         /usr/local/tomcat
05-Jul-2024 04:24:13.109 INFO [main] org.apache.catalina.startup.VersionLoggerListener.log CATALINA_HOME:         /usr/local/tomcat
05-Jul-2024 04:24:13.109 INFO [main] org.apache.catalina.startup.VersionLoggerListener.log Command line argument: -Djava.util.logging.config.file=/usr/local/tomcat/conf/logging.properties
05-Jul-2024 04:24:13.109 INFO [main] org.apache.catalina.startup.VersionLoggerListener.log Command line argument: -Djava.util.logging.manager=org.apache.juli.ClassLoaderLogManager
05-Jul-2024 04:24:13.109 INFO [main] org.apache.catalina.startup.VersionLoggerListener.log Command line argument: -Xms512m
05-Jul-2024 04:24:13.109 INFO [main] org.apache.catalina.startup.VersionLoggerListener.log Command line argument: -Xmx1024m
05-Jul-2024 04:24:13.109 INFO [main] org.apache.catalina.startup.VersionLoggerListener.log Command line argument: -Djdk.tls.ephemeralDHKeySize=2048
05-Jul-2024 04:24:13.109 INFO [main] org.apache.catalina.startup.VersionLoggerListener.log Command line argument: -Djava.protocol.handler.pkgs=org.apache.catalina.webresources
05-Jul-2024 04:24:13.109 INFO [main] org.apache.catalina.startup.VersionLoggerListener.log Command line argument: -Dorg.apache.catalina.security.SecurityListener.UMASK=0027
05-Jul-2024 04:24:13.109 INFO [main] org.apache.catalina.startup.VersionLoggerListener.log Command line argument: -Dignore.endorsed.dirs=
05-Jul-2024 04:24:13.109 INFO [main] org.apache.catalina.startup.VersionLoggerListener.log Command line argument: -Dcatalina.base=/usr/local/tomcat
05-Jul-2024 04:24:13.109 INFO [main] org.apache.catalina.startup.VersionLoggerListener.log Command line argument: -Dcatalina.home=/usr/local/tomcat
05-Jul-2024 04:24:13.109 INFO [main] org.apache.catalina.startup.VersionLoggerListener.log Command line argument: -Djava.io.tmpdir=/usr/local/tomcat/temp
05-Jul-2024 04:24:13.109 INFO [main] org.apache.catalina.core.AprLifecycleListener.lifecycleEvent Loaded Apache Tomcat Native library [1.2.39] using APR version [1.7.0].
05-Jul-2024 04:24:13.109 INFO [main] org.apache.catalina.core.AprLifecycleListener.lifecycleEvent APR capabilities: IPv6 [true], sendfile [true], accept filters [false], random [true], UDS [{4}].
05-Jul-2024 04:24:13.109 INFO [main] org.apache.catalina.core.AprLifecycleListener.lifecycleEvent APR/OpenSSL configuration: useAprConnector [false], useOpenSSL [true]
05-Jul-2024 04:24:13.116 INFO [main] org.apache.catalina.core.AprLifecycleListener.initializeSSL OpenSSL successfully initialized [OpenSSL 3.0.2 15 Mar 2022]
05-Jul-2024 04:24:13.166 INFO [main] org.apache.coyote.AbstractProtocol.init Initializing ProtocolHandler ["http-nio-8080"]
05-Jul-2024 04:24:13.177 INFO [main] org.apache.catalina.startup.Catalina.load Initialization processed in 338 ms
05-Jul-2024 04:24:13.195 INFO [main] org.apache.catalina.core.StandardService.startInternal Starting service [Catalina]
05-Jul-2024 04:24:13.195 INFO [main] org.apache.catalina.core.StandardEngine.startInternal Starting Servlet engine: [Apache Tomcat/8.5.100]
05-Jul-2024 04:24:13.208 INFO [main] org.apache.coyote.AbstractProtocol.start Starting ProtocolHandler ["http-nio-8080"]
05-Jul-2024 04:24:13.217 INFO [main] org.apache.catalina.startup.Catalina.start Server startup in 39 ms
05-Jul-2024 04:27:01.245 INFO [Thread-2] org.apache.coyote.AbstractProtocol.pause Pausing ProtocolHandler ["http-nio-8080"]
05-Jul-2024 04:27:01.250 INFO [Thread-2] org.apache.catalina.core.StandardService.stopInternal Stopping service [Catalina]
05-Jul-2024 04:27:01.251 INFO [Thread-2] org.apache.coyote.AbstractProtocol.stop Stopping ProtocolHandler ["http-nio-8080"]
05-Jul-2024 04:27:01.255 INFO [Thread-2] org.apache.coyote.AbstractProtocol.destroy Destroying ProtocolHandler ["http-nio-8080"]
